(---------------------------------------------------------------------)
(                                                                     )
(    LOAD PHOTOPLOT DATA                                              )
(                                                                     )
(    Drawing          : Nucleo_144_shield.dra                         )
(    Software Version : 16.6-2015S055                                 )
(    Date/Time        : Tue May 31 14:32:44 2016                      )
(                                                                     )
(---------------------------------------------------------------------)



Results from parameter file ...
    DEVICE-TYPE           GERBER6X00
    OUTPUT-UNITS          MM
    FILM-SIZE             24000 16000
    FORMAT                5.3
    ABORT-ON-ERROR        NO
    SCALE                 1
    G-CODES               NO
    OPTIMIZE              YES
    STATIONS-PER-WHEEL    999
    COORDINATES           ABSOLUTE
    SUPPRESS-LEAD-ZEROES  YES
    SUPPRESS-TRAIL-ZEROES NO
    SUPPRESS-EQUAL        YES
Unable to open the aperture file.
LOAD GERBER DATA aborted.
