(---------------------------------------------------------------------)
(                                                                     )
(    Parameter File READ                                              )
(                                                                     )
(    Drawing          : sot883b.dra                                   )
(    Software Version : 16.6-2015S055                                 )
(    Date/Time        : Mon Oct 26 20:43:45 2015                      )
(                                                                     )
(---------------------------------------------------------------------)


	Paramfile Name : D:/Users/laurent/Desktop/my_params2.prm
	Layout Name   : sot883b.dra

Reading...parameter_header:
Reading...db_common_type:
Reading...grid_parms_type:
Reading...UnusedPadsSuppressionSettings:
Reading...color_table_table:
Reading...ColorParmType:
Reading...text_size_table:
Reading...ats_parm_type:
Reading...ministat_parm_type:
Reading...ifp_parm_type:


..... Total number of errors: 0.
..... Total number of warnings: 0.
